<?xml version="1.0" encoding="UTF-8"?>
<testsuite name="EncodingTest" tests="2" skipped="0" failures="0" errors="0" timestamp="2019-04-05T11:23:42" hostname="DESKTOP-PGJJKBQ" time="0.004">
  <properties/>
  <testcase name="checkIfItCreatesInstance" classname="EncodingTest" time="0.001"/>
  <testcase name="checkIfSavesInputText" classname="EncodingTest" time="0.001"/>
  <system-out><![CDATA[]]></system-out>
  <system-err><![CDATA[]]></system-err>
</testsuite>
