<?xml version="1.0" encoding="UTF-8"?>
<testsuite name="EncodingTest" tests="3" skipped="0" failures="0" errors="0" timestamp="2019-04-05T11:28:18" hostname="DESKTOP-PGJJKBQ" time="0.002">
  <properties/>
  <testcase name="checkKeyIsSaved" classname="EncodingTest" time="0.002"/>
  <testcase name="checkIfItCreatesInstance" classname="EncodingTest" time="0.0"/>
  <testcase name="checkIfSavesInputText" classname="EncodingTest" time="0.0"/>
  <system-out><![CDATA[]]></system-out>
  <system-err><![CDATA[]]></system-err>
</testsuite>
