<?xml version="1.0" encoding="UTF-8"?>
<testsuite name="CaesarCipherTest" tests="2" skipped="0" failures="0" errors="0" timestamp="2019-04-05T10:49:17" hostname="DESKTOP-PGJJKBQ" time="0.004">
  <properties/>
  <testcase name="encryptReturnsString" classname="CaesarCipherTest" time="0.002"/>
  <testcase name="dencryptReturnsString" classname="CaesarCipherTest" time="0.0"/>
  <system-out><![CDATA[]]></system-out>
  <system-err><![CDATA[]]></system-err>
</testsuite>
